TN:
SF:src/app.ts
FNF:0
FNH:0
DA:1,1
DA:2,1
DA:3,1
DA:4,1
DA:5,1
DA:6,1
DA:7,1
DA:8,1
DA:9,1
DA:10,1
DA:11,1
DA:12,1
DA:13,1
DA:14,1
DA:15,1
DA:16,1
DA:17,1
DA:19,1
DA:20,1
DA:22,1
DA:23,1
DA:25,1
DA:26,1
DA:27,1
DA:28,1
DA:29,1
DA:30,1
DA:31,1
DA:32,1
DA:33,1
DA:34,1
DA:35,1
DA:36,1
DA:37,1
DA:38,1
DA:39,1
LF:36
LH:36
BRDA:25,0,0,2
BRF:1
BRH:1
end_of_record
TN:
SF:src/config/env.ts
FNF:0
FNH:0
DA:1,1
DA:2,1
DA:4,1
DA:6,1
DA:7,1
DA:8,1
DA:9,1
DA:10,1
DA:11,1
DA:12,1
DA:13,1
DA:14,1
DA:15,1
DA:16,1
DA:18,1
LF:15
LH:15
BRF:0
BRH:0
end_of_record
TN:
SF:src/config/prisma.ts
FNF:0
FNH:0
DA:1,1
DA:3,1
LF:2
LH:2
BRF:0
BRH:0
end_of_record
TN:
SF:src/middleware/api-key.middleware.ts
FN:10,normalizeScopes
FN:14,requireApiKey
FNF:2
FNH:2
FNDA:3,normalizeScopes
FNDA:10,requireApiKey
DA:2,1
DA:3,1
DA:10,3
DA:11,3
DA:12,3
DA:14,1
DA:15,10
DA:16,9
DA:17,9
DA:18,9
DA:19,8
DA:20,8
DA:21,9
DA:22,3
DA:23,9
DA:24,2
DA:25,2
DA:26,2
DA:27,2
DA:28,9
DA:29,1
DA:30,1
DA:31,9
DA:32,10
LF:24
LH:24
BRDA:10,0,0,3
BRDA:11,1,0,2
BRDA:11,2,0,1
BRDA:11,3,0,2
BRDA:14,4,0,10
BRDA:15,5,0,9
BRDA:18,6,0,8
BRDA:18,7,0,1
BRDA:18,8,0,8
BRDA:20,9,0,7
BRDA:21,10,0,6
BRDA:21,11,0,5
BRDA:21,12,0,4
BRDA:21,13,0,2
BRDA:21,14,0,4
BRDA:21,15,0,3
BRDA:23,16,0,1
BRDA:23,17,0,2
BRDA:28,18,0,1
BRDA:26,19,0,1
BRF:20
BRH:20
end_of_record
TN:
SF:src/middleware/auth.middleware.ts
FN:9,requireAuth
FNF:1
FNH:1
FNDA:6,requireAuth
DA:2,1
DA:3,1
DA:9,6
DA:10,6
DA:11,6
DA:12,6
DA:13,5
DA:14,5
DA:15,6
DA:16,1
DA:17,1
DA:18,1
DA:19,1
DA:20,1
DA:21,6
LF:15
LH:15
BRDA:9,0,0,6
BRDA:12,1,0,5
BRDA:12,2,0,1
BRDA:12,3,0,5
BRDA:14,4,0,4
BRDA:15,5,0,3
BRDA:15,6,0,2
BRDA:15,7,0,3
BRDA:15,8,0,1
BRF:9
BRH:9
end_of_record
TN:
SF:src/middleware/error.middleware.ts
FN:3,errorMiddleware
FNF:1
FNH:1
FNDA:2,errorMiddleware
DA:3,1
DA:4,2
DA:5,2
DA:6,2
LF:4
LH:4
BRDA:3,0,0,2
BRDA:4,1,0,1
BRDA:4,2,0,1
BRF:3
BRH:3
end_of_record
TN:
SF:src/utils/audit.ts
FN:3,createAuditLog
FNF:1
FNH:1
FNDA:3,createAuditLog
DA:1,1
DA:3,3
DA:4,3
DA:5,3
DA:6,3
DA:7,3
DA:8,3
DA:9,3
DA:10,3
DA:11,3
DA:12,3
DA:13,3
DA:14,3
DA:15,1
DA:16,1
DA:17,3
LF:16
LH:16
BRDA:3,0,0,3
BRDA:11,1,0,1
BRDA:11,2,0,2
BRDA:13,3,0,2
BRDA:14,4,0,1
BRF:5
BRH:5
end_of_record
TN:
SF:src/utils/crypto.ts
FN:6,encryptText
FN:14,decryptText
FN:22,randomToken
FN:26,hashToken
FNF:4
FNH:4
FNDA:1,encryptText
FNDA:3,decryptText
FNDA:3,randomToken
FNDA:14,hashToken
DA:1,1
DA:2,1
DA:4,1
DA:6,1
DA:7,1
DA:8,1
DA:9,1
DA:10,1
DA:11,1
DA:12,1
DA:14,1
DA:15,3
DA:16,3
DA:17,1
DA:18,1
DA:19,1
DA:20,1
DA:22,1
DA:23,3
DA:24,3
DA:26,1
DA:27,14
DA:28,14
LF:23
LH:23
BRDA:6,0,0,1
BRDA:14,1,0,3
BRDA:16,2,0,2
BRDA:16,3,0,2
BRDA:16,4,0,1
BRDA:22,5,0,3
BRDA:26,6,0,14
BRF:7
BRH:7
end_of_record
TN:
SF:src/utils/jwt.ts
FN:9,signAccessToken
FN:13,verifyAccessToken
FNF:2
FNH:2
FNDA:5,signAccessToken
FNDA:7,verifyAccessToken
DA:1,1
DA:2,1
DA:9,1
DA:10,5
DA:11,5
DA:13,1
DA:14,7
DA:15,7
LF:8
LH:8
BRDA:9,0,0,5
BRDA:13,1,0,7
BRF:2
BRH:2
end_of_record
TN:
SF:src/utils/password.ts
FN:3,hashPassword
FN:7,verifyPassword
FNF:2
FNH:2
FNDA:2,hashPassword
FNDA:2,verifyPassword
DA:1,1
DA:3,1
DA:4,2
DA:5,2
DA:7,1
DA:8,2
DA:9,2
LF:7
LH:7
BRDA:3,0,0,2
BRDA:7,1,0,2
BRF:2
BRH:2
end_of_record
